{
  "RSpec": {
    "coverage": {
      "/Users/mikenicklas/Sites/pm_fit/spec/features/importing_recipients_spec.rb": [
        1,
        null,
        1,
        2,
        null,
        1,
        1,
        1,
        null,
        null,
        1,
        1,
        0,
        0,
        0,
        0,
        0,
        0,
        0,
        null,
        null
      ],
      "/Users/mikenicklas/Sites/pm_fit/spec/rails_helper.rb": [
        null,
        1,
        1,
        1,
        null,
        1,
        1,
        null,
        null,
        null,
        null,
        null,
        null,
        null,
        null,
        null,
        null,
        null,
        null,
        null,
        null,
        null,
        2,
        null,
        null,
        null,
        1,
        1,
        null,
        0,
        0,
        null,
        1,
        null,
        1,
        null,
        null,
        null,
        null,
        1,
        null,
        null,
        null,
        null,
        null,
        null,
        null,
        null,
        null,
        null,
        null,
        null,
        null,
        null,
        1,
        null,
        null,
        1,
        null,
        null,
        1,
        1,
        null
      ],
      "/Users/mikenicklas/Sites/pm_fit/config/environment.rb": [
        null,
        1,
        null,
        null,
        1
      ],
      "/Users/mikenicklas/Sites/pm_fit/config/application.rb": [
        1,
        null,
        1,
        null,
        1,
        1,
        1,
        1,
        1,
        1,
        1,
        1,
        1,
        null,
        null,
        null,
        null,
        1,
        null,
        1,
        null,
        1,
        1,
        null,
        1,
        null,
        null,
        null,
        null,
        null,
        null,
        null,
        1,
        null,
        null
      ],
      "/Users/mikenicklas/Sites/pm_fit/config/boot.rb": [
        1,
        null,
        1,
        1
      ],
      "/Users/mikenicklas/Sites/pm_fit/config/spring.rb": [
        null,
        null,
        null,
        null,
        null,
        5
      ],
      "/Users/mikenicklas/Sites/pm_fit/config/environments/test.rb": [
        1,
        null,
        null,
        null,
        null,
        null,
        null,
        1,
        null,
        null,
        null,
        null,
        1,
        null,
        null,
        1,
        1,
        null,
        null,
        null,
        null,
        1,
        1,
        null,
        null,
        1,
        null,
        null,
        1,
        null,
        null,
        1,
        null,
        1,
        1,
        null,
        null,
        null,
        null,
        1,
        null,
        null,
        1,
        null,
        null,
        null,
        null
      ],
      "/Users/mikenicklas/Sites/pm_fit/config/initializers/application_controller_renderer.rb": [
        null,
        null,
        null,
        null,
        null,
        null,
        null,
        null
      ],
      "/Users/mikenicklas/Sites/pm_fit/config/initializers/assets.rb": [
        null,
        null,
        null,
        1,
        null,
        null,
        null,
        null,
        1,
        null,
        null,
        null,
        null,
        null
      ],
      "/Users/mikenicklas/Sites/pm_fit/config/initializers/backtrace_silencers.rb": [
        null,
        null,
        null,
        null,
        null,
        null,
        null
      ],
      "/Users/mikenicklas/Sites/pm_fit/config/initializers/content_security_policy.rb": [
        null,
        null,
        null,
        null,
        null,
        null,
        null,
        null,
        null,
        null,
        null,
        null,
        null,
        null,
        null,
        null,
        null,
        null,
        null,
        null,
        null,
        null,
        null,
        null,
        null
      ],
      "/Users/mikenicklas/Sites/pm_fit/config/initializers/cookies_serializer.rb": [
        null,
        null,
        null,
        null,
        1
      ],
      "/Users/mikenicklas/Sites/pm_fit/config/initializers/devise.rb": [
        null,
        null,
        null,
        null,
        1,
        null,
        null,
        null,
        null,
        null,
        null,
        null,
        null,
        null,
        null,
        null,
        null,
        null,
        null,
        null,
        1,
        null,
        null,
        null,
        null,
        null,
        null,
        null,
        null,
        null,
        null,
        null,
        1,
        null,
        null,
        null,
        null,
        null,
        null,
        null,
        null,
        null,
        null,
        null,
        null,
        null,
        null,
        null,
        null,
        null,
        null,
        null,
        null,
        null,
        1,
        null,
        null,
        null,
        null,
        1,
        null,
        null,
        null,
        null,
        null,
        null,
        null,
        null,
        null,
        null,
        null,
        null,
        null,
        null,
        null,
        null,
        null,
        null,
        null,
        null,
        null,
        null,
        null,
        null,
        null,
        null,
        null,
        null,
        null,
        null,
        1,
        null,
        null,
        null,
        null,
        null,
        null,
        null,
        null,
        null,
        null,
        null,
        null,
        null,
        null,
        null,
        null,
        null,
        null,
        null,
        null,
        null,
        null,
        1,
        null,
        null,
        null,
        null,
        null,
        null,
        null,
        null,
        null,
        null,
        null,
        null,
        null,
        null,
        null,
        null,
        null,
        null,
        null,
        null,
        null,
        null,
        null,
        null,
        null,
        null,
        null,
        null,
        null,
        null,
        1,
        null,
        null,
        null,
        null,
        null,
        null,
        null,
        null,
        null,
        1,
        null,
        null,
        null,
        null,
        null,
        null,
        null,
        null,
        null,
        null,
        1,
        null,
        null,
        null,
        null,
        1,
        null,
        null,
        null,
        null,
        null,
        null,
        null,
        null,
        null,
        null,
        null,
        null,
        null,
        null,
        null,
        null,
        null,
        null,
        null,
        null,
        null,
        null,
        null,
        null,
        null,
        null,
        null,
        null,
        null,
        null,
        null,
        null,
        null,
        null,
        null,
        null,
        null,
        null,
        null,
        null,
        1,
        null,
        null,
        null,
        null,
        null,
        null,
        null,
        null,
        null,
        null,
        null,
        null,
        null,
        null,
        null,
        null,
        null,
        null,
        null,
        null,
        null,
        null,
        null,
        null,
        null,
        null,
        null,
        null,
        null,
        null,
        null,
        null,
        null,
        null,
        null,
        null,
        null,
        null,
        null,
        null,
        null,
        1,
        null,
        null,
        null,
        null,
        null,
        null,
        null,
        null,
        null,
        null,
        null,
        null,
        null,
        null,
        null,
        null,
        null,
        null,
        null,
        null,
        null,
        null,
        null,
        null,
        null,
        null,
        null,
        null,
        null,
        null,
        null,
        null,
        null,
        null,
        null,
        null
      ],
      "/Users/mikenicklas/Sites/pm_fit/config/initializers/filter_parameter_logging.rb": [
        null,
        null,
        null,
        1
      ],
      "/Users/mikenicklas/Sites/pm_fit/config/initializers/full_contact.rb": [
        1,
        1,
        1,
        null
      ],
      "/Users/mikenicklas/Sites/pm_fit/config/initializers/inflections.rb": [
        null,
        null,
        null,
        null,
        null,
        null,
        null,
        null,
        null,
        null,
        null,
        null,
        null,
        null,
        null,
        null
      ],
      "/Users/mikenicklas/Sites/pm_fit/config/initializers/mime_types.rb": [
        null,
        null,
        null,
        null
      ],
      "/Users/mikenicklas/Sites/pm_fit/config/initializers/wrap_parameters.rb": [
        null,
        null,
        null,
        null,
        null,
        null,
        1,
        2,
        null,
        null,
        null,
        null,
        null,
        null
      ],
      "/Users/mikenicklas/Sites/pm_fit/spec/factories/enrichments.rb": [
        1,
        1,
        1,
        null,
        null,
        null,
        null,
        null,
        null,
        null,
        null,
        null,
        1,
        1,
        null,
        null
      ],
      "/Users/mikenicklas/Sites/pm_fit/spec/factories/products.rb": [
        1,
        1,
        1,
        1,
        1,
        1,
        null,
        1,
        null,
        null
      ],
      "/Users/mikenicklas/Sites/pm_fit/spec/factories/recipients.rb": [
        1,
        1,
        1,
        1,
        1,
        1,
        1,
        1,
        null,
        1,
        null,
        null
      ],
      "/Users/mikenicklas/Sites/pm_fit/spec/factories/survey_responses.rb": [
        1,
        1,
        1,
        1,
        1,
        1,
        null,
        1,
        1,
        null,
        null
      ],
      "/Users/mikenicklas/Sites/pm_fit/spec/factories/users.rb": [
        1,
        1,
        17,
        null,
        null,
        1,
        1,
        1,
        1,
        null,
        null
      ],
      "/Users/mikenicklas/Sites/pm_fit/spec/factories/word_clouds.rb": [
        1,
        1,
        1,
        1,
        null,
        null
      ],
      "/Users/mikenicklas/Sites/pm_fit/config/routes.rb": [
        1,
        1,
        1,
        null,
        1,
        1,
        1,
        null,
        1,
        1,
        1,
        null
      ],
      "/Users/mikenicklas/Sites/pm_fit/app/models/user.rb": [
        1,
        null,
        null,
        1,
        null,
        null,
        1,
        null,
        1,
        4,
        null,
        null,
        null
      ],
      "/Users/mikenicklas/Sites/pm_fit/app/models/application_record.rb": [
        1,
        1,
        null
      ],
      "/Users/mikenicklas/Sites/pm_fit/app/helpers/application_helper.rb": [
        1,
        1,
        3,
        null,
        null,
        1,
        6,
        3,
        3,
        3,
        null,
        null,
        null,
        null,
        null
      ],
      "/Users/mikenicklas/Sites/pm_fit/spec/support/factory_bot.rb": [
        1,
        1,
        null
      ],
      "/Users/mikenicklas/Sites/pm_fit/spec/features/send_batch_of_surveys_spec.rb": [
        1,
        null,
        1,
        2,
        2,
        2,
        null,
        1,
        0,
        0,
        null,
        null,
        1,
        0,
        0,
        0,
        0,
        0,
        null,
        null,
        0,
        0,
        null,
        null
      ],
      "/Users/mikenicklas/Sites/pm_fit/spec/features/survey_responses_spec.rb": [
        1,
        null,
        1,
        2,
        null,
        1,
        1,
        1,
        1,
        1,
        1,
        1,
        1,
        null,
        null
      ],
      "/Users/mikenicklas/Sites/pm_fit/spec/features/user_onboarding_spec.rb": [
        1,
        null,
        1,
        1,
        1,
        1,
        1,
        1,
        1,
        1,
        1,
        1,
        1,
        1,
        1,
        1,
        null,
        null
      ],
      "/Users/mikenicklas/Sites/pm_fit/spec/mailers/recipient_mailer_spec.rb": [
        1,
        null,
        1,
        2,
        1,
        null,
        1,
        2,
        null,
        1,
        1,
        1,
        1,
        null,
        null,
        null
      ],
      "/Users/mikenicklas/Sites/pm_fit/app/mailers/recipient_mailer.rb": [
        1,
        null,
        1,
        1,
        1,
        null,
        null,
        null
      ],
      "/Users/mikenicklas/Sites/pm_fit/app/mailers/application_mailer.rb": [
        1,
        1,
        1,
        null
      ],
      "/Users/mikenicklas/Sites/pm_fit/spec/models/enrichment_spec.rb": [
        1,
        null,
        1,
        2,
        null,
        1,
        1,
        1,
        null,
        null,
        null
      ],
      "/Users/mikenicklas/Sites/pm_fit/app/models/enrichment.rb": [
        1,
        1,
        null,
        1,
        1,
        null
      ],
      "/Users/mikenicklas/Sites/pm_fit/spec/models/product_spec.rb": [
        1,
        null,
        1,
        1,
        null
      ],
      "/Users/mikenicklas/Sites/pm_fit/app/models/product.rb": [
        1,
        1,
        1,
        1,
        1,
        1,
        null,
        1,
        null
      ],
      "/Users/mikenicklas/Sites/pm_fit/spec/models/recipient_spec.rb": [
        1,
        null,
        1,
        5,
        null,
        1,
        1,
        1,
        1,
        1,
        null,
        null,
        1,
        1,
        1,
        1,
        1,
        null,
        null,
        1,
        4,
        null,
        4,
        null,
        1,
        2,
        2,
        2,
        null,
        null,
        1,
        2,
        2,
        2,
        null,
        null,
        1,
        2,
        2,
        2,
        null,
        null,
        null,
        1,
        3,
        null,
        1,
        2,
        2,
        null,
        null,
        1,
        2,
        2,
        null,
        null,
        null
      ],
      "/Users/mikenicklas/Sites/pm_fit/app/models/recipient.rb": [
        1,
        1,
        1,
        1,
        null,
        1,
        null,
        1,
        null,
        1,
        3,
        2,
        1,
        null,
        null,
        1,
        0,
        null,
        null,
        1,
        2,
        null,
        null,
        1,
        3,
        null,
        null,
        1,
        4,
        3,
        null,
        1,
        null,
        null,
        null,
        1,
        null,
        1,
        13,
        null,
        null,
        null
      ],
      "/Users/mikenicklas/Sites/pm_fit/spec/models/survey_response_spec.rb": [
        1,
        null,
        1,
        1,
        null
      ],
      "/Users/mikenicklas/Sites/pm_fit/app/models/survey_response.rb": [
        1,
        1,
        1,
        null,
        1,
        null,
        3,
        null,
        null
      ],
      "/Users/mikenicklas/Sites/pm_fit/spec/models/user_spec.rb": [
        1,
        null,
        1,
        3,
        null,
        1,
        3,
        null,
        1,
        2,
        2,
        null,
        null,
        1,
        2,
        2,
        null,
        null,
        null
      ],
      "/Users/mikenicklas/Sites/pm_fit/spec/models/word_cloud_spec.rb": [
        1,
        null,
        1,
        1,
        null
      ],
      "/Users/mikenicklas/Sites/pm_fit/app/models/word_cloud.rb": [
        1,
        1,
        null
      ],
      "/Users/mikenicklas/Sites/pm_fit/spec/services/update_word_cloud_service_spec.rb": [
        1,
        null,
        1,
        2,
        1,
        null,
        1,
        1,
        null,
        2,
        2,
        null,
        2,
        null,
        null
      ],
      "/Users/mikenicklas/Sites/pm_fit/app/services/update_word_cloud_service.rb": [
        1,
        1,
        null,
        1,
        null,
        1,
        2,
        null,
        null,
        1,
        2,
        2,
        null,
        null,
        1,
        2,
        1,
        1,
        3,
        3,
        4,
        4,
        4,
        4,
        null,
        null,
        1,
        null,
        2,
        null,
        null,
        1,
        null,
        2,
        18,
        null,
        null,
        1,
        16,
        null,
        null,
        1,
        3,
        3,
        3,
        15,
        15,
        4,
        4,
        null,
        null,
        3,
        null,
        null,
        1,
        15,
        null,
        null,
        1,
        15,
        null,
        null
      ],
      "/Users/mikenicklas/Sites/pm_fit/app/services/generate_survey_token.rb": [
        1,
        null,
        1,
        1,
        null,
        1,
        13,
        null,
        null,
        1,
        13,
        13,
        null,
        null,
        1,
        13,
        null,
        null
      ],
      "/Users/mikenicklas/Sites/pm_fit/app/controllers/survey_responses_controller.rb": [
        1,
        1,
        null,
        1,
        1,
        null,
        null,
        1,
        1,
        1,
        1,
        1,
        1,
        null,
        0,
        null,
        null,
        null,
        1,
        null,
        1,
        2,
        null,
        null,
        1,
        null,
        1,
        null,
        null
      ],
      "/Users/mikenicklas/Sites/pm_fit/app/controllers/application_controller.rb": [
        1,
        null
      ],
      "/Users/mikenicklas/Sites/pm_fit/app/services/update_word_cloud_service/insignificant_words.rb": [
        1,
        1,
        null
      ],
      "/Users/mikenicklas/Sites/pm_fit/app/controllers/survey_response_thanks_controller.rb": [
        1,
        null,
        1,
        null,
        null,
        null
      ],
      "/Users/mikenicklas/Sites/pm_fit/app/controllers/dashboard_controller.rb": [
        1,
        null,
        1,
        1,
        1,
        null,
        null,
        null
      ],
      "/Users/mikenicklas/Sites/pm_fit/app/controllers/base_controller.rb": [
        1,
        1,
        null,
        1,
        null,
        1,
        2,
        null,
        null,
        1,
        2,
        null,
        null
      ],
      "/Users/mikenicklas/Sites/pm_fit/app/controllers/products_controller.rb": [
        1,
        1,
        null,
        1,
        1,
        null,
        null,
        1,
        1,
        1,
        1,
        null,
        0,
        null,
        null,
        null,
        1,
        null,
        1,
        1,
        null,
        null,
        null
      ]
    },
    "timestamp": 1545580814
  }
}
